<?xml version="1.0" encoding="UTF-8"?>
<!-- Generated by org.testng.reporters.JUnitReportReporter -->
<testsuite hostname="admin-PC" name="cn.lixing.worker.Test.TestCase.DeCodeTestCase" tests="2" failures="0" timestamp="17 Jul 2018 07:59:09 GMT" time="38.493" errors="0">
  <testcase name="disDeQrCodeTestCase" time="19.899" classname="cn.lixing.worker.Test.TestCase.DeCodeTestCase"/>
  <testcase name="useDeQrCodeTestCase" time="18.594" classname="cn.lixing.worker.Test.TestCase.DeCodeTestCase"/>
</testsuite> <!-- cn.lixing.worker.Test.TestCase.DeCodeTestCase -->
