<?xml version="1.0" encoding="UTF-8"?>
<!-- Generated by org.testng.reporters.JUnitReportReporter -->
<testsuite hostname="admin-PC" name="cn.lixing.worker.Test.TestCase.DeCodeTestCase" tests="1" failures="0" timestamp="19 Jul 2018 06:47:26 GMT" time="32.091" errors="0">
  <testcase name="useDeQrCodeTestCase" time="32.091" classname="cn.lixing.worker.Test.TestCase.DeCodeTestCase"/>
</testsuite> <!-- cn.lixing.worker.Test.TestCase.DeCodeTestCase -->
