<?xml version="1.0" encoding="UTF-8"?>
<!-- Generated by org.testng.reporters.JUnitReportReporter -->
<testsuite hostname="admin-PC" name="cn.lixing.worker.Test.TestCase.RepCodeTestCase" tests="1" failures="0" timestamp="31 Jul 2018 07:27:49 GMT" time="14.900" errors="0">
  <testcase name="RepCodeTestCase_01" time="14.900" classname="cn.lixing.worker.Test.TestCase.RepCodeTestCase"/>
</testsuite> <!-- cn.lixing.worker.Test.TestCase.RepCodeTestCase -->
