<?xml version="1.0" encoding="UTF-8"?>
<!-- Generated by org.testng.reporters.JUnitReportReporter -->
<testsuite hostname="admin-PC" name="cn.lixing.worker.Test.TestCase.DeCodeTestCase" tests="1" failures="0" timestamp="31 Jul 2018 07:27:49 GMT" time="49.899" errors="0">
  <testcase name="useDeQrCodeTestCase" time="49.899" classname="cn.lixing.worker.Test.TestCase.DeCodeTestCase"/>
</testsuite> <!-- cn.lixing.worker.Test.TestCase.DeCodeTestCase -->
