<?xml version="1.0" encoding="UTF-8"?>
<!-- Generated by org.testng.reporters.JUnitReportReporter -->
<testsuite hostname="admin-PC" name="cn.lixing.worker.Test.TestCase.BindCodeTesCase" tests="1" failures="0" timestamp="24 Jul 2018 00:37:19 GMT" time="40.618" errors="0">
  <testcase name="BindCodeTest_01" time="40.618" classname="cn.lixing.worker.Test.TestCase.BindCodeTesCase"/>
</testsuite> <!-- cn.lixing.worker.Test.TestCase.BindCodeTesCase -->
